d:\codestorage\htk\code\libhtk\libhtk\debug\vc120.pdb
d:\codestorage\htk\code\libhtk\libhtk\debug\vc120.idb
d:\codestorage\htk\code\libhtk\libhtk\debug\hlm.obj
d:\codestorage\htk\code\libhtk\libhtk\debug\hmap.obj
d:\codestorage\htk\code\libhtk\libhtk\debug\hmath.obj
d:\codestorage\htk\code\libhtk\libhtk\debug\hmem.obj
d:\codestorage\htk\code\libhtk\libhtk\debug\hmodel.obj
d:\codestorage\htk\code\libhtk\libhtk\debug\hnet.obj
d:\codestorage\htk\code\libhtk\libhtk\debug\hparm.obj
d:\codestorage\htk\code\libhtk\libhtk\debug\hrec.obj
d:\codestorage\htk\code\libhtk\libhtk\debug\hshell.obj
d:\codestorage\htk\code\libhtk\libhtk\debug\hsigp.obj
d:\codestorage\htk\code\libhtk\libhtk\debug\htrain.obj
d:\codestorage\htk\code\libhtk\libhtk\debug\hutil.obj
d:\codestorage\htk\code\libhtk\libhtk\debug\hvq.obj
d:\codestorage\htk\code\libhtk\libhtk\debug\hwave.obj
d:\codestorage\htk\code\libhtk\libhtk\debug\tool_hcopy.obj
d:\codestorage\htk\code\libhtk\libhtk\debug\tool_hinit.obj
d:\codestorage\htk\code\libhtk\libhtk\debug\tool_hparse.obj
d:\codestorage\htk\code\libhtk\libhtk\debug\tool_hrest.obj
d:\codestorage\htk\code\libhtk\libhtk\debug\strarr.obj
d:\codestorage\htk\code\libhtk\libhtk\debug\tool_hvite.obj
d:\codestorage\htk\code\libhtk\libhtk\debug\a.obj
d:\codestorage\htk\code\libhtk\libhtk\debug\esignal.obj
d:\codestorage\htk\code\libhtk\libhtk\debug\esig_asc.obj
d:\codestorage\htk\code\libhtk\libhtk\debug\esig_edr.obj
d:\codestorage\htk\code\libhtk\libhtk\debug\esig_nat.obj
d:\codestorage\htk\code\libhtk\libhtk\debug\hadapt.obj
d:\codestorage\htk\code\libhtk\libhtk\debug\harc.obj
d:\codestorage\htk\code\libhtk\libhtk\debug\haudio.obj
d:\codestorage\htk\code\libhtk\libhtk\debug\hdict.obj
d:\codestorage\htk\code\libhtk\libhtk\debug\hexactmpe.obj
d:\codestorage\htk\code\libhtk\libhtk\debug\hfb.obj
d:\codestorage\htk\code\libhtk\libhtk\debug\hfblat.obj
d:\codestorage\htk\code\libhtk\libhtk\debug\hgraf.null.obj
d:\codestorage\htk\code\libhtk\libhtk\debug\hlabel.obj
d:\codestorage\htk\code\libhtk\libhtk\debug\hlat.obj
d:\codestorage\htk\code\libhtk\libhtk\debug\tool_hresults.obj
d:\codestorage\htk\code\libhtk\libhtk\debug\tool_hslab.obj
d:\codestorage\htk\code\libhtk\libhtk\debug\hgraf_win32.obj
d:\codestorage\htk\code\libhtk\debug\libhtk.ilk
d:\codestorage\htk\code\libhtk\debug\libhtk.exe
d:\codestorage\htk\code\libhtk\debug\libhtk.pdb
d:\codestorage\htk\code\libhtk\libhtk\debug\libhtk.tlog\cl.command.1.tlog
d:\codestorage\htk\code\libhtk\libhtk\debug\libhtk.tlog\cl.read.1.tlog
d:\codestorage\htk\code\libhtk\libhtk\debug\libhtk.tlog\cl.write.1.tlog
d:\codestorage\htk\code\libhtk\libhtk\debug\libhtk.tlog\link.command.1.tlog
d:\codestorage\htk\code\libhtk\libhtk\debug\libhtk.tlog\link.read.1.tlog
d:\codestorage\htk\code\libhtk\libhtk\debug\libhtk.tlog\link.write.1.tlog
